  algorithms.cpp
D:\my_git\myalgorithms\C++LC\1\Project1\Project1\algorithms.cpp(24,20): warning C4018: “<=”: 有符号/无符号不匹配
D:\my_git\myalgorithms\C++LC\1\Project1\Project1\algorithms.cpp(28,20): warning C4018: “<=”: 有符号/无符号不匹配
D:\my_git\myalgorithms\C++LC\1\Project1\Project1\algorithms.cpp(34,20): warning C4018: “<=”: 有符号/无符号不匹配
D:\my_git\myalgorithms\C++LC\1\Project1\Project1\algorithms.cpp(35,21): warning C4018: “<=”: 有符号/无符号不匹配
D:\my_git\myalgorithms\C++LC\1\Project1\Project1\algorithms.cpp(58,20): warning C4018: “<”: 有符号/无符号不匹配
D:\my_git\myalgorithms\C++LC\1\Project1\Project1\algorithms.cpp(89,20): warning C4018: “<”: 有符号/无符号不匹配
D:\my_git\myalgorithms\C++LC\1\Project1\Project1\algorithms.cpp(98,8): warning C4018: “<”: 有符号/无符号不匹配
D:\my_git\myalgorithms\C++LC\1\Project1\Project1\algorithms.cpp(110,20): warning C4018: “<=”: 有符号/无符号不匹配
D:\my_git\myalgorithms\C++LC\1\Project1\Project1\algorithms.cpp(114,20): warning C4018: “<=”: 有符号/无符号不匹配
D:\my_git\myalgorithms\C++LC\1\Project1\Project1\algorithms.cpp(118,20): warning C4018: “<=”: 有符号/无符号不匹配
D:\my_git\myalgorithms\C++LC\1\Project1\Project1\algorithms.cpp(119,21): warning C4018: “<=”: 有符号/无符号不匹配
D:\my_git\myalgorithms\C++LC\1\Project1\Project1\algorithms.cpp(137,11): warning C4018: “<”: 有符号/无符号不匹配
D:\my_git\myalgorithms\C++LC\1\Project1\Project1\algorithms.cpp(137,27): warning C4018: “<”: 有符号/无符号不匹配
D:\my_git\myalgorithms\C++LC\1\Project1\Project1\algorithms.cpp(140,12): warning C4018: “<”: 有符号/无符号不匹配
D:\my_git\myalgorithms\C++LC\1\Project1\Project1\algorithms.cpp(143,12): warning C4018: “<”: 有符号/无符号不匹配
D:\my_git\myalgorithms\C++LC\1\Project1\Project1\algorithms.cpp(406,20): warning C4018: “<”: 有符号/无符号不匹配
D:\my_git\myalgorithms\C++LC\1\Project1\Project1\algorithms.cpp(418,10): warning C4018: “<”: 有符号/无符号不匹配
D:\my_git\myalgorithms\C++LC\1\Project1\Project1\algorithms.cpp(422,12): warning C4018: “<”: 有符号/无符号不匹配
  lubenweiniubi.cpp
D:\my_git\myalgorithms\C++LC\1\Project1\Project1\lubenweiniubi.cpp(11,12): warning C4244: “参数”: 从“time_t”转换到“unsigned int”，可能丢失数据
  正在生成代码...
  Project1.vcxproj -> D:\my_git\myalgorithms\C++LC\1\Project1\Debug\Project1.exe
